1694941394.306893 client started (12845): version 3.3a, socket /tmp/tmux-1000/default, protocol 8
1694941394.306975 on Linux 6.2.0-32-generic #32-Ubuntu SMP PREEMPT_DYNAMIC Mon Aug 14 10:03:50 UTC 2023
1694941394.307024 using libevent 2.1.12-stable (poll); ncurses 6.3
1694941394.307172 flags are 0x10010000
1694941394.307228 socket is /tmp/tmux-1000/default
1694941394.307289 trying connect
1694941394.307514 add peer 0x55627e697db0: 6 ((nil))
1694941394.308534 sending message 100 to peer 0x55627e697db0 (4 bytes)
1694941394.308553 sending message 111 to peer 0x55627e697db0 (8 bytes)
1694941394.308565 sending message 101 to peer 0x55627e697db0 (14 bytes)
1694941394.308576 sending message 109 to peer 0x55627e697db0 (4 bytes)
1694941394.308587 sending message 102 to peer 0x55627e697db0 (12 bytes)
1694941394.308597 sending message 108 to peer 0x55627e697db0 (25 bytes)
1694941394.308608 sending message 112 to peer 0x55627e697db0 (70 bytes)
1694941394.308621 sending message 112 to peer 0x55627e697db0 (5 bytes)
1694941394.308631 sending message 112 to peer 0x55627e697db0 (5 bytes)
1694941394.308642 sending message 112 to peer 0x55627e697db0 (6 bytes)
1694941394.308652 sending message 112 to peer 0x55627e697db0 (6 bytes)
1694941394.308663 sending message 112 to peer 0x55627e697db0 (11 bytes)
1694941394.308672 sending message 112 to peer 0x55627e697db0 (10 bytes)
1694941394.308682 sending message 112 to peer 0x55627e697db0 (13 bytes)
1694941394.308692 sending message 112 to peer 0x55627e697db0 (13 bytes)
1694941394.308701 sending message 112 to peer 0x55627e697db0 (18 bytes)
1694941394.308711 sending message 112 to peer 0x55627e697db0 (11 bytes)
1694941394.308722 sending message 112 to peer 0x55627e697db0 (10 bytes)
1694941394.308731 sending message 112 to peer 0x55627e697db0 (15 bytes)
1694941394.308741 sending message 112 to peer 0x55627e697db0 (21 bytes)
1694941394.308750 sending message 112 to peer 0x55627e697db0 (13 bytes)
1694941394.308759 sending message 112 to peer 0x55627e697db0 (7 bytes)
1694941394.308769 sending message 112 to peer 0x55627e697db0 (13 bytes)
1694941394.308779 sending message 112 to peer 0x55627e697db0 (7 bytes)
1694941394.308789 sending message 112 to peer 0x55627e697db0 (13 bytes)
1694941394.308798 sending message 112 to peer 0x55627e697db0 (9 bytes)
1694941394.308808 sending message 112 to peer 0x55627e697db0 (21 bytes)
1694941394.308818 sending message 112 to peer 0x55627e697db0 (13 bytes)
1694941394.308827 sending message 112 to peer 0x55627e697db0 (8 bytes)
1694941394.308837 sending message 112 to peer 0x55627e697db0 (12 bytes)
1694941394.308846 sending message 112 to peer 0x55627e697db0 (13 bytes)
1694941394.308856 sending message 112 to peer 0x55627e697db0 (9 bytes)
1694941394.308865 sending message 112 to peer 0x55627e697db0 (9 bytes)
1694941394.308874 sending message 112 to peer 0x55627e697db0 (12 bytes)
1694941394.308884 sending message 112 to peer 0x55627e697db0 (8 bytes)
1694941394.308894 sending message 112 to peer 0x55627e697db0 (8 bytes)
1694941394.308903 sending message 112 to peer 0x55627e697db0 (7 bytes)
1694941394.308912 sending message 112 to peer 0x55627e697db0 (7 bytes)
1694941394.308922 sending message 112 to peer 0x55627e697db0 (9 bytes)
1694941394.308931 sending message 112 to peer 0x55627e697db0 (13 bytes)
1694941394.308941 sending message 112 to peer 0x55627e697db0 (6 bytes)
1694941394.308950 sending message 112 to peer 0x55627e697db0 (9 bytes)
1694941394.308960 sending message 112 to peer 0x55627e697db0 (15 bytes)
1694941394.308969 sending message 112 to peer 0x55627e697db0 (13 bytes)
1694941394.308979 sending message 112 to peer 0x55627e697db0 (12 bytes)
1694941394.308988 sending message 112 to peer 0x55627e697db0 (8 bytes)
1694941394.308998 sending message 112 to peer 0x55627e697db0 (14 bytes)
1694941394.309007 sending message 112 to peer 0x55627e697db0 (11 bytes)
1694941394.309017 sending message 112 to peer 0x55627e697db0 (9 bytes)
1694941394.309026 sending message 112 to peer 0x55627e697db0 (10 bytes)
1694941394.309036 sending message 112 to peer 0x55627e697db0 (10 bytes)
1694941394.309046 sending message 112 to peer 0x55627e697db0 (10 bytes)
1694941394.309083 sending message 112 to peer 0x55627e697db0 (10 bytes)
1694941394.309093 sending message 112 to peer 0x55627e697db0 (11 bytes)
1694941394.309103 sending message 112 to peer 0x55627e697db0 (12 bytes)
1694941394.309113 sending message 112 to peer 0x55627e697db0 (12 bytes)
1694941394.309122 sending message 112 to peer 0x55627e697db0 (12 bytes)
1694941394.309132 sending message 112 to peer 0x55627e697db0 (12 bytes)
1694941394.309142 sending message 112 to peer 0x55627e697db0 (12 bytes)
1694941394.309151 sending message 112 to peer 0x55627e697db0 (11 bytes)
1694941394.309161 sending message 112 to peer 0x55627e697db0 (11 bytes)
1694941394.309170 sending message 112 to peer 0x55627e697db0 (12 bytes)
1694941394.309180 sending message 112 to peer 0x55627e697db0 (12 bytes)
1694941394.309190 sending message 112 to peer 0x55627e697db0 (12 bytes)
1694941394.309199 sending message 112 to peer 0x55627e697db0 (12 bytes)
1694941394.309209 sending message 112 to peer 0x55627e697db0 (12 bytes)
1694941394.309218 sending message 112 to peer 0x55627e697db0 (10 bytes)
1694941394.309227 sending message 112 to peer 0x55627e697db0 (12 bytes)
1694941394.309237 sending message 112 to peer 0x55627e697db0 (13 bytes)
1694941394.309246 sending message 112 to peer 0x55627e697db0 (13 bytes)
1694941394.309256 sending message 112 to peer 0x55627e697db0 (13 bytes)
1694941394.309266 sending message 112 to peer 0x55627e697db0 (13 bytes)
1694941394.309275 sending message 112 to peer 0x55627e697db0 (13 bytes)
1694941394.309285 sending message 112 to peer 0x55627e697db0 (8 bytes)
1694941394.309295 sending message 112 to peer 0x55627e697db0 (11 bytes)
1694941394.309304 sending message 112 to peer 0x55627e697db0 (11 bytes)
1694941394.309313 sending message 112 to peer 0x55627e697db0 (11 bytes)
1694941394.309323 sending message 112 to peer 0x55627e697db0 (12 bytes)
1694941394.309332 sending message 112 to peer 0x55627e697db0 (12 bytes)
1694941394.309341 sending message 112 to peer 0x55627e697db0 (12 bytes)
1694941394.309351 sending message 112 to peer 0x55627e697db0 (12 bytes)
1694941394.309369 sending message 112 to peer 0x55627e697db0 (13 bytes)
1694941394.309379 sending message 112 to peer 0x55627e697db0 (13 bytes)
1694941394.309388 sending message 112 to peer 0x55627e697db0 (13 bytes)
1694941394.309398 sending message 112 to peer 0x55627e697db0 (8 bytes)
1694941394.309408 sending message 112 to peer 0x55627e697db0 (13 bytes)
1694941394.309420 sending message 112 to peer 0x55627e697db0 (13 bytes)
1694941394.309435 sending message 112 to peer 0x55627e697db0 (13 bytes)
1694941394.309451 sending message 112 to peer 0x55627e697db0 (13 bytes)
1694941394.309461 sending message 112 to peer 0x55627e697db0 (13 bytes)
1694941394.309470 sending message 112 to peer 0x55627e697db0 (12 bytes)
1694941394.309480 sending message 112 to peer 0x55627e697db0 (12 bytes)
1694941394.309489 sending message 112 to peer 0x55627e697db0 (12 bytes)
1694941394.309498 sending message 112 to peer 0x55627e697db0 (12 bytes)
1694941394.309508 sending message 112 to peer 0x55627e697db0 (13 bytes)
1694941394.309517 sending message 112 to peer 0x55627e697db0 (8 bytes)
1694941394.309527 sending message 112 to peer 0x55627e697db0 (13 bytes)
1694941394.309536 sending message 112 to peer 0x55627e697db0 (13 bytes)
1694941394.309546 sending message 112 to peer 0x55627e697db0 (13 bytes)
1694941394.309555 sending message 112 to peer 0x55627e697db0 (13 bytes)
1694941394.309564 sending message 112 to peer 0x55627e697db0 (13 bytes)
1694941394.309574 sending message 112 to peer 0x55627e697db0 (13 bytes)
1694941394.309583 sending message 112 to peer 0x55627e697db0 (13 bytes)
1694941394.309593 sending message 112 to peer 0x55627e697db0 (12 bytes)
1694941394.309602 sending message 112 to peer 0x55627e697db0 (12 bytes)
1694941394.309612 sending message 112 to peer 0x55627e697db0 (12 bytes)
1694941394.309622 sending message 112 to peer 0x55627e697db0 (8 bytes)
1694941394.309632 sending message 112 to peer 0x55627e697db0 (12 bytes)
1694941394.309651 sending message 112 to peer 0x55627e697db0 (13 bytes)
1694941394.309662 sending message 112 to peer 0x55627e697db0 (13 bytes)
1694941394.309672 sending message 112 to peer 0x55627e697db0 (13 bytes)
1694941394.309683 sending message 112 to peer 0x55627e697db0 (13 bytes)
1694941394.309692 sending message 112 to peer 0x55627e697db0 (13 bytes)
1694941394.309702 sending message 112 to peer 0x55627e697db0 (13 bytes)
1694941394.309712 sending message 112 to peer 0x55627e697db0 (13 bytes)
1694941394.309722 sending message 112 to peer 0x55627e697db0 (13 bytes)
1694941394.309732 sending message 112 to peer 0x55627e697db0 (12 bytes)
1694941394.309741 sending message 112 to peer 0x55627e697db0 (10 bytes)
1694941394.309751 sending message 112 to peer 0x55627e697db0 (12 bytes)
1694941394.309760 sending message 112 to peer 0x55627e697db0 (12 bytes)
1694941394.309770 sending message 112 to peer 0x55627e697db0 (12 bytes)
1694941394.309779 sending message 112 to peer 0x55627e697db0 (13 bytes)
1694941394.309789 sending message 112 to peer 0x55627e697db0 (13 bytes)
1694941394.309799 sending message 112 to peer 0x55627e697db0 (13 bytes)
1694941394.309808 sending message 112 to peer 0x55627e697db0 (13 bytes)
1694941394.309817 sending message 112 to peer 0x55627e697db0 (13 bytes)
1694941394.309827 sending message 112 to peer 0x55627e697db0 (13 bytes)
1694941394.309836 sending message 112 to peer 0x55627e697db0 (13 bytes)
1694941394.309846 sending message 112 to peer 0x55627e697db0 (10 bytes)
1694941394.309855 sending message 112 to peer 0x55627e697db0 (13 bytes)
1694941394.309865 sending message 112 to peer 0x55627e697db0 (12 bytes)
1694941394.309874 sending message 112 to peer 0x55627e697db0 (12 bytes)
1694941394.309884 sending message 112 to peer 0x55627e697db0 (12 bytes)
1694941394.309898 sending message 112 to peer 0x55627e697db0 (10 bytes)
1694941394.309916 sending message 112 to peer 0x55627e697db0 (10 bytes)
1694941394.309926 sending message 112 to peer 0x55627e697db0 (10 bytes)
1694941394.309935 sending message 112 to peer 0x55627e697db0 (12 bytes)
1694941394.309944 sending message 112 to peer 0x55627e697db0 (13 bytes)
1694941394.309954 sending message 112 to peer 0x55627e697db0 (13 bytes)
1694941394.309963 sending message 112 to peer 0x55627e697db0 (13 bytes)
1694941394.309972 sending message 112 to peer 0x55627e697db0 (13 bytes)
1694941394.309982 sending message 112 to peer 0x55627e697db0 (13 bytes)
1694941394.309992 sending message 112 to peer 0x55627e697db0 (11 bytes)
1694941394.310001 sending message 112 to peer 0x55627e697db0 (11 bytes)
1694941394.310011 sending message 112 to peer 0x55627e697db0 (12 bytes)
1694941394.310020 sending message 112 to peer 0x55627e697db0 (12 bytes)
1694941394.310029 sending message 112 to peer 0x55627e697db0 (12 bytes)
1694941394.310039 sending message 112 to peer 0x55627e697db0 (12 bytes)
1694941394.310048 sending message 112 to peer 0x55627e697db0 (12 bytes)
1694941394.310058 sending message 112 to peer 0x55627e697db0 (11 bytes)
1694941394.310067 sending message 112 to peer 0x55627e697db0 (12 bytes)
1694941394.310077 sending message 112 to peer 0x55627e697db0 (12 bytes)
1694941394.310086 sending message 112 to peer 0x55627e697db0 (13 bytes)
1694941394.310096 sending message 112 to peer 0x55627e697db0 (13 bytes)
1694941394.310105 sending message 112 to peer 0x55627e697db0 (13 bytes)
1694941394.310115 sending message 112 to peer 0x55627e697db0 (13 bytes)
1694941394.310124 sending message 112 to peer 0x55627e697db0 (13 bytes)
1694941394.310133 sending message 112 to peer 0x55627e697db0 (10 bytes)
1694941394.310143 sending message 112 to peer 0x55627e697db0 (9 bytes)
1694941394.310153 sending message 112 to peer 0x55627e697db0 (12 bytes)
1694941394.310162 sending message 112 to peer 0x55627e697db0 (13 bytes)
1694941394.310172 sending message 112 to peer 0x55627e697db0 (13 bytes)
1694941394.310181 sending message 112 to peer 0x55627e697db0 (13 bytes)
1694941394.310191 sending message 112 to peer 0x55627e697db0 (13 bytes)
1694941394.310200 sending message 112 to peer 0x55627e697db0 (13 bytes)
1694941394.310218 sending message 112 to peer 0x55627e697db0 (9 bytes)
1694941394.310227 sending message 112 to peer 0x55627e697db0 (12 bytes)
1694941394.310237 sending message 112 to peer 0x55627e697db0 (13 bytes)
1694941394.310246 sending message 112 to peer 0x55627e697db0 (13 bytes)
1694941394.310256 sending message 112 to peer 0x55627e697db0 (13 bytes)
1694941394.310265 sending message 112 to peer 0x55627e697db0 (13 bytes)
1694941394.310274 sending message 112 to peer 0x55627e697db0 (13 bytes)
1694941394.310284 sending message 112 to peer 0x55627e697db0 (11 bytes)
1694941394.310293 sending message 112 to peer 0x55627e697db0 (12 bytes)
1694941394.310303 sending message 112 to peer 0x55627e697db0 (13 bytes)
1694941394.310312 sending message 112 to peer 0x55627e697db0 (13 bytes)
1694941394.310321 sending message 112 to peer 0x55627e697db0 (13 bytes)
1694941394.310331 sending message 112 to peer 0x55627e697db0 (13 bytes)
1694941394.310340 sending message 112 to peer 0x55627e697db0 (13 bytes)
1694941394.310350 sending message 112 to peer 0x55627e697db0 (11 bytes)
1694941394.310359 sending message 112 to peer 0x55627e697db0 (12 bytes)
1694941394.310369 sending message 112 to peer 0x55627e697db0 (12 bytes)
1694941394.310378 sending message 112 to peer 0x55627e697db0 (12 bytes)
1694941394.310388 sending message 112 to peer 0x55627e697db0 (12 bytes)
1694941394.310397 sending message 112 to peer 0x55627e697db0 (12 bytes)
1694941394.310406 sending message 112 to peer 0x55627e697db0 (21 bytes)
1694941394.310416 sending message 112 to peer 0x55627e697db0 (12 bytes)
1694941394.310426 sending message 112 to peer 0x55627e697db0 (9 bytes)
1694941394.310435 sending message 112 to peer 0x55627e697db0 (6 bytes)
1694941394.310447 sending message 112 to peer 0x55627e697db0 (13 bytes)
1694941394.310458 sending message 112 to peer 0x55627e697db0 (8 bytes)
1694941394.310468 sending message 112 to peer 0x55627e697db0 (15 bytes)
1694941394.310477 sending message 112 to peer 0x55627e697db0 (13 bytes)
1694941394.310487 sending message 112 to peer 0x55627e697db0 (9 bytes)
1694941394.310496 sending message 112 to peer 0x55627e697db0 (70 bytes)
1694941394.310506 sending message 112 to peer 0x55627e697db0 (69 bytes)
1694941394.310516 sending message 112 to peer 0x55627e697db0 (10 bytes)
1694941394.310525 sending message 112 to peer 0x55627e697db0 (10 bytes)
1694941394.310535 sending message 112 to peer 0x55627e697db0 (8 bytes)
1694941394.310545 sending message 112 to peer 0x55627e697db0 (15 bytes)
1694941394.310554 sending message 112 to peer 0x55627e697db0 (13 bytes)
1694941394.310564 sending message 112 to peer 0x55627e697db0 (10 bytes)
1694941394.310573 sending message 112 to peer 0x55627e697db0 (10 bytes)
1694941394.310583 sending message 112 to peer 0x55627e697db0 (17 bytes)
1694941394.310592 sending message 112 to peer 0x55627e697db0 (10 bytes)
1694941394.310601 sending message 112 to peer 0x55627e697db0 (13 bytes)
1694941394.310611 sending message 112 to peer 0x55627e697db0 (9 bytes)
1694941394.310626 sending message 112 to peer 0x55627e697db0 (5 bytes)
1694941394.310646 sending message 112 to peer 0x55627e697db0 (15 bytes)
1694941394.310659 sending message 104 to peer 0x55627e697db0 (0 bytes)
1694941394.310670 sending message 110 to peer 0x55627e697db0 (0 bytes)
1694941394.310682 sending message 107 to peer 0x55627e697db0 (4 bytes)
1694941394.310694 sending message 105 to peer 0x55627e697db0 (16 bytes)
1694941394.310707 sending message 105 to peer 0x55627e697db0 (116 bytes)
1694941394.310717 sending message 105 to peer 0x55627e697db0 (18 bytes)
1694941394.310727 sending message 105 to peer 0x55627e697db0 (19 bytes)
1694941394.310737 sending message 105 to peer 0x55627e697db0 (20 bytes)
1694941394.310747 sending message 105 to peer 0x55627e697db0 (126 bytes)
1694941394.310757 sending message 105 to peer 0x55627e697db0 (58 bytes)
1694941394.310767 sending message 105 to peer 0x55627e697db0 (26 bytes)
1694941394.310777 sending message 105 to peer 0x55627e697db0 (35 bytes)
1694941394.310787 sending message 105 to peer 0x55627e697db0 (10 bytes)
1694941394.310805 sending message 105 to peer 0x55627e697db0 (23 bytes)
1694941394.310815 sending message 105 to peer 0x55627e697db0 (20 bytes)
1694941394.310824 sending message 105 to peer 0x55627e697db0 (47 bytes)
1694941394.310834 sending message 105 to peer 0x55627e697db0 (50 bytes)
1694941394.310844 sending message 105 to peer 0x55627e697db0 (59 bytes)
1694941394.310854 sending message 105 to peer 0x55627e697db0 (23 bytes)
1694941394.310863 sending message 105 to peer 0x55627e697db0 (24 bytes)
1694941394.310873 sending message 105 to peer 0x55627e697db0 (19 bytes)
1694941394.310882 sending message 105 to peer 0x55627e697db0 (73 bytes)
1694941394.310892 sending message 105 to peer 0x55627e697db0 (16 bytes)
1694941394.310901 sending message 105 to peer 0x55627e697db0 (15 bytes)
1694941394.310911 sending message 105 to peer 0x55627e697db0 (29 bytes)
1694941394.310920 sending message 105 to peer 0x55627e697db0 (24 bytes)
1694941394.310930 sending message 105 to peer 0x55627e697db0 (14 bytes)
1694941394.310939 sending message 105 to peer 0x55627e697db0 (21 bytes)
1694941394.310949 sending message 105 to peer 0x55627e697db0 (52 bytes)
1694941394.310959 sending message 105 to peer 0x55627e697db0 (22 bytes)
1694941394.310968 sending message 105 to peer 0x55627e697db0 (35 bytes)
1694941394.310978 sending message 105 to peer 0x55627e697db0 (86 bytes)
1694941394.311014 sending message 105 to peer 0x55627e697db0 (17 bytes)
1694941394.311024 sending message 105 to peer 0x55627e697db0 (18 bytes)
1694941394.311038 sending message 105 to peer 0x55627e697db0 (21 bytes)
1694941394.311047 sending message 105 to peer 0x55627e697db0 (17 bytes)
1694941394.311059 sending message 105 to peer 0x55627e697db0 (1764 bytes)
1694941394.311119 sending message 105 to peer 0x55627e697db0 (24 bytes)
1694941394.311131 sending message 105 to peer 0x55627e697db0 (27 bytes)
1694941394.311141 sending message 105 to peer 0x55627e697db0 (33 bytes)
1694941394.311151 sending message 105 to peer 0x55627e697db0 (13 bytes)
1694941394.311162 sending message 105 to peer 0x55627e697db0 (52 bytes)
1694941394.311172 sending message 105 to peer 0x55627e697db0 (56 bytes)
1694941394.311181 sending message 105 to peer 0x55627e697db0 (47 bytes)
1694941394.311191 sending message 105 to peer 0x55627e697db0 (23 bytes)
1694941394.311200 sending message 105 to peer 0x55627e697db0 (16 bytes)
1694941394.311210 sending message 105 to peer 0x55627e697db0 (21 bytes)
1694941394.311220 sending message 105 to peer 0x55627e697db0 (34 bytes)
1694941394.311229 sending message 105 to peer 0x55627e697db0 (23 bytes)
1694941394.311239 sending message 105 to peer 0x55627e697db0 (19 bytes)
1694941394.311249 sending message 105 to peer 0x55627e697db0 (30 bytes)
1694941394.311258 sending message 105 to peer 0x55627e697db0 (32 bytes)
1694941394.311268 sending message 105 to peer 0x55627e697db0 (11 bytes)
1694941394.311277 sending message 105 to peer 0x55627e697db0 (14 bytes)
1694941394.311287 sending message 105 to peer 0x55627e697db0 (15 bytes)
1694941394.311297 sending message 105 to peer 0x55627e697db0 (22 bytes)
1694941394.311307 sending message 105 to peer 0x55627e697db0 (50 bytes)
1694941394.311317 sending message 105 to peer 0x55627e697db0 (11 bytes)
1694941394.311328 sending message 105 to peer 0x55627e697db0 (8 bytes)
1694941394.311337 sending message 105 to peer 0x55627e697db0 (25 bytes)
1694941394.311347 sending message 105 to peer 0x55627e697db0 (27 bytes)
1694941394.311356 sending message 105 to peer 0x55627e697db0 (11 bytes)
1694941394.311366 sending message 105 to peer 0x55627e697db0 (17 bytes)
1694941394.311375 sending message 105 to peer 0x55627e697db0 (31 bytes)
1694941394.311385 sending message 105 to peer 0x55627e697db0 (46 bytes)
1694941394.311396 sending message 105 to peer 0x55627e697db0 (20 bytes)
1694941394.311406 sending message 105 to peer 0x55627e697db0 (30 bytes)
1694941394.311422 sending message 105 to peer 0x55627e697db0 (23 bytes)
1694941394.311438 sending message 105 to peer 0x55627e697db0 (28 bytes)
1694941394.311452 sending message 105 to peer 0x55627e697db0 (83 bytes)
1694941394.311470 sending message 105 to peer 0x55627e697db0 (22 bytes)
1694941394.311481 sending message 105 to peer 0x55627e697db0 (104 bytes)
1694941394.311492 sending message 105 to peer 0x55627e697db0 (54 bytes)
1694941394.311502 sending message 105 to peer 0x55627e697db0 (28 bytes)
1694941394.311512 sending message 105 to peer 0x55627e697db0 (17 bytes)
1694941394.311522 sending message 105 to peer 0x55627e697db0 (23 bytes)
1694941394.311533 sending message 105 to peer 0x55627e697db0 (27 bytes)
1694941394.311543 sending message 105 to peer 0x55627e697db0 (18 bytes)
1694941394.311553 sending message 105 to peer 0x55627e697db0 (16 bytes)
1694941394.311563 sending message 106 to peer 0x55627e697db0 (0 bytes)
1694941394.311732 sending message 200 to peer 0x55627e697db0 (4 bytes)
1694941394.311742 client loop enter
1694941394.313315 peer 0x55627e697db0 message 303
1694941394.313357 open write file 2 -
1694941394.313389 sending message 305 to peer 0x55627e697db0 (8 bytes)
1694941394.313437 write check file 2
1694941394.313659 peer 0x55627e697db0 message 304
1694941394.313669 write 58 to file 2
1694941394.313683 peer 0x55627e697db0 message 203
1694941394.313695 file 2 58 bytes left
1694941394.313738 write check file 2
1694941394.313748 client loop exit
